INFO  2018-12-30 19:07:04 [Main] - Started bot: Yorick_The_Elf_Bot
INFO  2018-12-30 19:07:04 [MoveNext] - Message received from: Julia Utrobina text is /start
INFO  2018-12-30 19:07:26 [MoveNext] - Message received from: Julia Utrobina text is Телефон
INFO  2018-12-30 19:07:39 [MoveNext] - Message received from: Julia Utrobina text is Santa
INFO  2018-12-30 19:07:46 [MoveNext] - Message received from: Julia Utrobina text is 123123
INFO  2018-12-30 19:17:25 [Main] - Started bot: Yorick_The_Elf_Bot
INFO  2018-12-30 19:17:39 [MoveNext] - Message received from: Julia Utrobina text is /start
INFO  2018-12-30 19:18:01 [MoveNext] - Message received from: Julia Utrobina text is Телефон
INFO  2018-12-30 19:18:10 [MoveNext] - Message received from: Julia Utrobina text is Санта
INFO  2018-12-30 19:18:23 [MoveNext] - Message received from: Julia Utrobina text is 124233
INFO  2018-12-30 19:31:20 [Main] - Started bot: Yorick_The_Elf_Bot
INFO  2018-12-30 19:31:27 [MoveNext] - Message received from: Julia Utrobina text is Орал
INFO  2018-12-30 19:31:42 [MoveNext] - Message received from: Julia Utrobina text is Телефон
INFO  2018-12-30 19:31:44 [MoveNext] - Message received from: Julia Utrobina text is Игр
INFO  2018-12-30 19:31:49 [MoveNext] - Message received from: Julia Utrobina text is Santa
INFO  2018-12-30 19:32:00 [MoveNext] - Message received from: Julia Utrobina text is 124233
INFO  2018-12-30 19:32:28 [MoveNext] - Message received from: Julia Utrobina text is Brb
INFO  2018-12-30 20:28:29 [Main] - Started bot: Yorick_The_Elf_Bot
INFO  2018-12-30 20:28:37 [MoveNext] - Message received from: Julia Utrobina text is H
INFO  2018-12-30 20:28:48 [MoveNext] - Message received from: Julia Utrobina text is Телефон
INFO  2018-12-30 20:28:55 [MoveNext] - Message received from: Julia Utrobina text is Санта
INFO  2018-12-30 20:29:00 [MoveNext] - Message received from: Julia Utrobina text is 124233
