INFO  2018-12-31 11:45:26 [Main] - Started bot: Yorick_The_Elf_Bot
INFO  2018-12-31 11:46:45 [MoveNext] - Message received from: Julia Utrobina text is /start
INFO  2018-12-31 11:49:04 [Main] - Started bot: Yorick_The_Elf_Bot
INFO  2018-12-31 11:51:00 [Main] - Started bot: Yorick_The_Elf_Bot
INFO  2018-12-31 11:51:08 [MoveNext] - Message received from: Julia Utrobina text is По
INFO  2018-12-31 11:53:31 [Main] - Started bot: Yorick_The_Elf_Bot
INFO  2018-12-31 11:53:31 [MoveNext] - Message received from: Julia Utrobina text is Рср
INFO  2018-12-31 11:54:20 [MoveNext] - Message received from: Julia Utrobina text is Фон
INFO  2018-12-31 11:54:26 [MoveNext] - Message received from: Julia Utrobina text is Phone
INFO  2018-12-31 11:54:39 [MoveNext] - Message received from: Julia Utrobina text is ТЕлеФоН
INFO  2018-12-31 11:55:02 [MoveNext] - Message received from: Julia Utrobina text is СаНтАп
INFO  2018-12-31 11:55:09 [MoveNext] - Message received from: Julia Utrobina text is САнТа
INFO  2018-12-31 11:55:24 [MoveNext] - Message received from: Julia Utrobina text is Santa
INFO  2018-12-31 11:56:51 [Main] - Stopped bot: Yorick_The_Elf_Bot
INFO  2018-12-31 11:56:55 [Main] - Started bot: Yorick_The_Elf_Bot
INFO  2018-12-31 11:56:56 [MoveNext] - Message received from: Julia Utrobina text is Ssh
INFO  2018-12-31 11:57:25 [MoveNext] - Message received from: Julia Utrobina text is Телефон
INFO  2018-12-31 11:57:32 [MoveNext] - Message received from: Julia Utrobina text is Санта
INFO  2018-12-31 11:58:20 [Main] - Started bot: Yorick_The_Elf_Bot
INFO  2018-12-31 11:58:45 [MoveNext] - Message received from: Julia Utrobina text is Поз
INFO  2018-12-31 11:59:05 [MoveNext] - Message received from: Julia Utrobina text is Телефон
INFO  2018-12-31 11:59:16 [MoveNext] - Message received from: Julia Utrobina text is SanTa
INFO  2018-12-31 11:59:39 [MoveNext] - Message received from: Julia Utrobina text is 1242337
INFO  2018-12-31 12:00:19 [MoveNext] - Message received from: Julia Utrobina text is 124233
INFO  2018-12-31 12:35:46 [Main] - Started bot: Yorick_The_Elf_Bot
INFO  2018-12-31 12:35:53 [MoveNext] - Message received from: Julia Utrobina text is Он
INFO  2018-12-31 12:36:14 [MoveNext] - Message received from: Julia Utrobina text is Телефон
INFO  2018-12-31 12:36:22 [MoveNext] - Message received from: Julia Utrobina text is Санта
INFO  2018-12-31 12:36:29 [MoveNext] - Message received from: Julia Utrobina text is 124233
INFO  2018-12-31 12:38:42 [Main] - Started bot: Yorick_The_Elf_Bot
INFO  2018-12-31 12:39:39 [MoveNext] - Message received from: Julia Utrobina text is /start
INFO  2018-12-31 12:39:59 [MoveNext] - Message received from: Julia Utrobina text is Телефон
INFO  2018-12-31 12:40:07 [MoveNext] - Message received from: Julia Utrobina text is Санта
INFO  2018-12-31 12:40:14 [MoveNext] - Message received from: Julia Utrobina text is 124233
INFO  2018-12-31 12:41:25 [MoveNext] - Message received from: Julia Utrobina text is 124233
INFO  2018-12-31 14:22:47 [Main] - Started bot: Yorick_The_Elf_Bot
INFO  2018-12-31 14:22:52 [MoveNext] - Message received from: Julia Utrobina text is /start
INFO  2018-12-31 14:23:15 [MoveNext] - Message received from: Julia Utrobina text is Телефон
INFO  2018-12-31 14:23:19 [MoveNext] - Message received from: Julia Utrobina text is Санта
INFO  2018-12-31 14:23:26 [MoveNext] - Message received from: Julia Utrobina text is 124233
INFO  2018-12-31 20:44:26 [Main] - Started bot: Yorick_The_Elf_Bot
INFO  2018-12-31 20:45:41 [MoveNext] - Message received from: Julia Utrobina text is /start
INFO  2018-12-31 20:46:05 [MoveNext] - Message received from: Julia Utrobina text is Телефон
INFO  2018-12-31 21:53:56 [MoveNext] - Message received from: Lyudmila  text is /start
INFO  2018-12-31 22:00:04 [MoveNext] - Message received from: Lyudmila  text is /phone
INFO  2018-12-31 22:00:55 [MoveNext] - Message received from: Lyudmila  text is Телефон
INFO  2018-12-31 22:03:23 [MoveNext] - Message received from: Lyudmila  text is Санта
INFO  2018-12-31 22:06:42 [MoveNext] - Message received from: Lyudmila  text is 124233
